

Processing ApplicationController#show (for 127.0.0.1 at 2011-01-10 00:07:58) [GET]

LoadError (Expected /home/gokul/Viki/demo/demo/app/controllers/records_controller.rb to define RecordsController):
  /usr/lib/ruby/1.8/active_support/dependencies.rb:426:in `load_missing_constant'
  /usr/lib/ruby/1.8/active_support/dependencies.rb:80:in `const_missing'
  /usr/lib/ruby/1.8/active_support/dependencies.rb:92:in `const_missing'
  /usr/lib/ruby/1.8/active_support/inflector.rb:361:in `constantize'
  /usr/lib/ruby/1.8/active_support/inflector.rb:360:in `each'
  /usr/lib/ruby/1.8/active_support/inflector.rb:360:in `constantize'
  /usr/lib/ruby/1.8/active_support/core_ext/string/inflections.rb:162:in `constantize'
  /usr/lib/ruby/1.8/action_controller/routing/route_set.rb:443:in `recognize'
  /usr/lib/ruby/1.8/action_controller/routing/route_set.rb:436:in `call'
  /usr/lib/ruby/1.8/action_controller/dispatcher.rb:87:in `dispatch'
  /usr/lib/ruby/1.8/action_controller/dispatcher.rb:121:in `_call'
  /usr/lib/ruby/1.8/action_controller/dispatcher.rb:130:in `build_middleware_stack'
  /usr/lib/ruby/1.8/active_record/query_cache.rb:29:in `call'
  /usr/lib/ruby/1.8/active_record/query_cache.rb:29:in `call'
  /usr/lib/ruby/1.8/active_record/connection_adapters/abstract/query_cache.rb:34:in `cache'
  /usr/lib/ruby/1.8/active_record/query_cache.rb:9:in `cache'
  /usr/lib/ruby/1.8/active_record/query_cache.rb:28:in `call'
  /usr/lib/ruby/1.8/active_record/connection_adapters/abstract/connection_pool.rb:361:in `call'
  /usr/lib/ruby/1.8/action_controller/string_coercion.rb:25:in `call'
  /usr/lib/ruby/1.8/rack/head.rb:9:in `call'
  /usr/lib/ruby/1.8/rack/methodoverride.rb:24:in `call'
  /usr/lib/ruby/1.8/action_controller/params_parser.rb:15:in `call'
  /usr/lib/ruby/1.8/action_controller/session/cookie_store.rb:93:in `call'
  /usr/lib/ruby/1.8/action_controller/failsafe.rb:26:in `call'
  /usr/lib/ruby/1.8/rack/lock.rb:11:in `call'
  /usr/lib/ruby/1.8/rack/lock.rb:11:in `synchronize'
  /usr/lib/ruby/1.8/rack/lock.rb:11:in `call'
  /usr/lib/ruby/1.8/action_controller/dispatcher.rb:114:in `call'
  /usr/lib/ruby/1.8/action_controller/reloader.rb:34:in `run'
  /usr/lib/ruby/1.8/action_controller/dispatcher.rb:108:in `call'
  /usr/lib/ruby/1.8/rack/urlmap.rb:47:in `call'
  /usr/lib/ruby/1.8/rack/urlmap.rb:41:in `each'
  /usr/lib/ruby/1.8/rack/urlmap.rb:41:in `call'
  /usr/lib/ruby/1.8/rack/content_length.rb:13:in `call'
  /usr/lib/ruby/1.8/rack/handler/webrick.rb:48:in `service'
  /usr/lib/ruby/1.8/webrick/httpserver.rb:104:in `service'
  /usr/lib/ruby/1.8/webrick/httpserver.rb:65:in `run'
  /usr/lib/ruby/1.8/webrick/server.rb:173:in `start_thread'
  /usr/lib/ruby/1.8/webrick/server.rb:162:in `start'
  /usr/lib/ruby/1.8/webrick/server.rb:162:in `start_thread'
  /usr/lib/ruby/1.8/webrick/server.rb:95:in `start'
  /usr/lib/ruby/1.8/webrick/server.rb:92:in `each'
  /usr/lib/ruby/1.8/webrick/server.rb:92:in `start'
  /usr/lib/ruby/1.8/webrick/server.rb:23:in `start'
  /usr/lib/ruby/1.8/webrick/server.rb:82:in `start'
  /usr/lib/ruby/1.8/rack/handler/webrick.rb:14:in `run'

Rendered rescues/_trace (25.8ms)
Rendered rescues/_request_and_response (2.3ms)
Rendering rescues/layout (internal_server_error)


Processing RecordsController#show (for 127.0.0.1 at 2011-01-10 00:08:31) [GET]

ActionView::MissingTemplate (Missing template records/show.erb in view path app/views):
  /usr/lib/ruby/1.8/action_view/paths.rb:66:in `find_template'
  /usr/lib/ruby/1.8/action_controller/base.rb:1389:in `default_template'
  /usr/lib/ruby/1.8/action_controller/base.rb:905:in `render_without_benchmark'
  /usr/lib/ruby/1.8/action_controller/benchmarking.rb:51:in `render'
  /usr/lib/ruby/1.8/action_controller/benchmarking.rb:51:in `render'
  /usr/lib/ruby/1.8/action_controller/base.rb:1326:in `default_render'
  /usr/lib/ruby/1.8/action_controller/base.rb:1332:in `perform_action_without_filters'
  /usr/lib/ruby/1.8/action_controller/filters.rb:617:in `call_filters'
  /usr/lib/ruby/1.8/action_controller/filters.rb:610:in `perform_action_without_benchmark'
  /usr/lib/ruby/1.8/action_controller/benchmarking.rb:68:in `perform_action_without_rescue'
  /usr/lib/ruby/1.8/action_controller/benchmarking.rb:68:in `perform_action_without_rescue'
  /usr/lib/ruby/1.8/action_controller/rescue.rb:160:in `perform_action_without_flash'
  /usr/lib/ruby/1.8/action_controller/flash.rb:146:in `perform_action'
  /usr/lib/ruby/1.8/action_controller/base.rb:532:in `send'
  /usr/lib/ruby/1.8/action_controller/base.rb:532:in `process_without_filters'
  /usr/lib/ruby/1.8/action_controller/filters.rb:606:in `process'
  /usr/lib/ruby/1.8/action_controller/base.rb:391:in `process'
  /usr/lib/ruby/1.8/action_controller/base.rb:386:in `call'
  /usr/lib/ruby/1.8/action_controller/routing/route_set.rb:437:in `call'
  /usr/lib/ruby/1.8/action_controller/dispatcher.rb:87:in `dispatch'
  /usr/lib/ruby/1.8/action_controller/dispatcher.rb:121:in `_call'
  /usr/lib/ruby/1.8/action_controller/dispatcher.rb:130:in `build_middleware_stack'
  /usr/lib/ruby/1.8/active_record/query_cache.rb:29:in `call'
  /usr/lib/ruby/1.8/active_record/query_cache.rb:29:in `call'
  /usr/lib/ruby/1.8/active_record/connection_adapters/abstract/query_cache.rb:34:in `cache'
  /usr/lib/ruby/1.8/active_record/query_cache.rb:9:in `cache'
  /usr/lib/ruby/1.8/active_record/query_cache.rb:28:in `call'
  /usr/lib/ruby/1.8/active_record/connection_adapters/abstract/connection_pool.rb:361:in `call'
  /usr/lib/ruby/1.8/action_controller/string_coercion.rb:25:in `call'
  /usr/lib/ruby/1.8/rack/head.rb:9:in `call'
  /usr/lib/ruby/1.8/rack/methodoverride.rb:24:in `call'
  /usr/lib/ruby/1.8/action_controller/params_parser.rb:15:in `call'
  /usr/lib/ruby/1.8/action_controller/session/cookie_store.rb:93:in `call'
  /usr/lib/ruby/1.8/action_controller/failsafe.rb:26:in `call'
  /usr/lib/ruby/1.8/rack/lock.rb:11:in `call'
  /usr/lib/ruby/1.8/rack/lock.rb:11:in `synchronize'
  /usr/lib/ruby/1.8/rack/lock.rb:11:in `call'
  /usr/lib/ruby/1.8/action_controller/dispatcher.rb:114:in `call'
  /usr/lib/ruby/1.8/action_controller/reloader.rb:34:in `run'
  /usr/lib/ruby/1.8/action_controller/dispatcher.rb:108:in `call'
  /usr/lib/ruby/1.8/rack/urlmap.rb:47:in `call'
  /usr/lib/ruby/1.8/rack/urlmap.rb:41:in `each'
  /usr/lib/ruby/1.8/rack/urlmap.rb:41:in `call'
  /usr/lib/ruby/1.8/rack/content_length.rb:13:in `call'
  /usr/lib/ruby/1.8/rack/handler/webrick.rb:48:in `service'
  /usr/lib/ruby/1.8/webrick/httpserver.rb:104:in `service'
  /usr/lib/ruby/1.8/webrick/httpserver.rb:65:in `run'
  /usr/lib/ruby/1.8/webrick/server.rb:173:in `start_thread'
  /usr/lib/ruby/1.8/webrick/server.rb:162:in `start'
  /usr/lib/ruby/1.8/webrick/server.rb:162:in `start_thread'
  /usr/lib/ruby/1.8/webrick/server.rb:95:in `start'
  /usr/lib/ruby/1.8/webrick/server.rb:92:in `each'
  /usr/lib/ruby/1.8/webrick/server.rb:92:in `start'
  /usr/lib/ruby/1.8/webrick/server.rb:23:in `start'
  /usr/lib/ruby/1.8/webrick/server.rb:82:in `start'
  /usr/lib/ruby/1.8/rack/handler/webrick.rb:14:in `run'

Rendering rescues/layout (internal_server_error)


Processing RecordsController#show (for 127.0.0.1 at 2011-01-10 00:09:20) [GET]
Rendering template within layouts/records
Rendering records/show
Completed in 200ms (View: 98, DB: 0) | 200 OK [http://localhost/records]


Processing RecordsController#create (for 127.0.0.1 at 2011-01-10 00:09:30) [GET]
  Parameters: {"pageid"=>"101", "userid"=>"Gokul"}
Redirected to http://localhost:3000/records
Completed in 233ms (DB: 0) | 302 Found [http://localhost/record/Gokul/101]


Processing RecordsController#show (for 127.0.0.1 at 2011-01-10 00:09:30) [GET]
Rendering template within layouts/records
Rendering records/show
Completed in 1425ms (View: 63, DB: 0) | 200 OK [http://localhost/records]


Processing RecordsController#show (for 127.0.0.1 at 2011-01-10 00:09:37) [GET]
Rendering template within layouts/records
Rendering records/show
Completed in 17ms (View: 5, DB: 0) | 200 OK [http://localhost/records]


Processing RecordsController#show (for 127.0.0.1 at 2011-01-10 00:10:13) [GET]
Rendering template within layouts/records
Rendering records/show
Completed in 25ms (View: 7, DB: 0) | 200 OK [http://localhost/records]


Processing RecordsController#create (for 127.0.0.1 at 2011-01-10 00:10:21) [GET]
  Parameters: {"pageid"=>"199", "userid"=>"Harry"}
Redirected to http://localhost:3000/records
Completed in 23ms (DB: 0) | 302 Found [http://localhost/record/Harry/199]


Processing RecordsController#show (for 127.0.0.1 at 2011-01-10 00:10:21) [GET]
Rendering template within layouts/records
Rendering records/show
Completed in 25ms (View: 2, DB: 0) | 200 OK [http://localhost/records]


Processing RecordsController#show (for 127.0.0.1 at 2011-01-10 00:10:26) [GET]
Rendering template within layouts/records
Rendering records/show
Completed in 153ms (View: 2, DB: 0) | 200 OK [http://localhost/records]
